<?xml version="1.0" encoding="UTF-8"?>
<testsuite xmlns:xsi="http://www.w3.org/2001/XMLSchema-instance" xsi:noNamespaceSchemaLocation="https://maven.apache.org/surefire/maven-surefire-plugin/xsd/surefire-test-report.xsd" name="com.covidmeet.covidmeet.CovidmeetApplicationTests" time="6.168" tests="1" errors="0" skipped="0" failures="0">
  <properties>
    <property name="sun.desktop" value="windows"/>
    <property name="awt.toolkit" value="sun.awt.windows.WToolkit"/>
    <property name="java.specification.version" value="11"/>
    <property name="sun.cpu.isalist" value="amd64"/>
    <property name="sun.jnu.encoding" value="Cp1252"/>
    <property name="java.class.path" value="G:\covidmeet\covidmeet\target\test-classes;G:\covidmeet\covidmeet\target\classes;C:\Users\Lokendra Porwal\.m2\repository\org\springframework\boot\spring-boot-starter-web\2.2.6.RELEASE\spring-boot-starter-web-2.2.6.RELEASE.jar;C:\Users\Lokendra Porwal\.m2\repository\org\springframework\boot\spring-boot-starter\2.2.6.RELEASE\spring-boot-starter-2.2.6.RELEASE.jar;C:\Users\Lokendra Porwal\.m2\repository\org\springframework\boot\spring-boot\2.2.6.RELEASE\spring-boot-2.2.6.RELEASE.jar;C:\Users\Lokendra Porwal\.m2\repository\org\springframework\boot\spring-boot-autoconfigure\2.2.6.RELEASE\spring-boot-autoconfigure-2.2.6.RELEASE.jar;C:\Users\Lokendra Porwal\.m2\repository\org\springframework\boot\spring-boot-starter-logging\2.2.6.RELEASE\spring-boot-starter-logging-2.2.6.RELEASE.jar;C:\Users\Lokendra Porwal\.m2\repository\ch\qos\logback\logback-classic\1.2.3\logback-classic-1.2.3.jar;C:\Users\Lokendra Porwal\.m2\repository\ch\qos\logback\logback-core\1.2.3\logback-core-1.2.3.jar;C:\Users\Lokendra Porwal\.m2\repository\org\apache\logging\log4j\log4j-to-slf4j\2.12.1\log4j-to-slf4j-2.12.1.jar;C:\Users\Lokendra Porwal\.m2\repository\org\apache\logging\log4j\log4j-api\2.12.1\log4j-api-2.12.1.jar;C:\Users\Lokendra Porwal\.m2\repository\org\slf4j\jul-to-slf4j\1.7.30\jul-to-slf4j-1.7.30.jar;C:\Users\Lokendra Porwal\.m2\repository\jakarta\annotation\jakarta.annotation-api\1.3.5\jakarta.annotation-api-1.3.5.jar;C:\Users\Lokendra Porwal\.m2\repository\org\yaml\snakeyaml\1.25\snakeyaml-1.25.jar;C:\Users\Lokendra Porwal\.m2\repository\org\springframework\boot\spring-boot-starter-json\2.2.6.RELEASE\spring-boot-starter-json-2.2.6.RELEASE.jar;C:\Users\Lokendra Porwal\.m2\repository\com\fasterxml\jackson\core\jackson-databind\2.10.3\jackson-databind-2.10.3.jar;C:\Users\Lokendra Porwal\.m2\repository\com\fasterxml\jackson\core\jackson-annotations\2.10.3\jackson-annotations-2.10.3.jar;C:\Users\Lokendra Porwal\.m2\repository\com\fasterxml\jackson\core\jackson-core\2.10.3\jackson-core-2.10.3.jar;C:\Users\Lokendra Porwal\.m2\repository\com\fasterxml\jackson\datatype\jackson-datatype-jdk8\2.10.3\jackson-datatype-jdk8-2.10.3.jar;C:\Users\Lokendra Porwal\.m2\repository\com\fasterxml\jackson\datatype\jackson-datatype-jsr310\2.10.3\jackson-datatype-jsr310-2.10.3.jar;C:\Users\Lokendra Porwal\.m2\repository\com\fasterxml\jackson\module\jackson-module-parameter-names\2.10.3\jackson-module-parameter-names-2.10.3.jar;C:\Users\Lokendra Porwal\.m2\repository\org\springframework\boot\spring-boot-starter-validation\2.2.6.RELEASE\spring-boot-starter-validation-2.2.6.RELEASE.jar;C:\Users\Lokendra Porwal\.m2\repository\jakarta\validation\jakarta.validation-api\2.0.2\jakarta.validation-api-2.0.2.jar;C:\Users\Lokendra Porwal\.m2\repository\org\hibernate\validator\hibernate-validator\6.0.18.Final\hibernate-validator-6.0.18.Final.jar;C:\Users\Lokendra Porwal\.m2\repository\org\springframework\spring-web\5.2.5.RELEASE\spring-web-5.2.5.RELEASE.jar;C:\Users\Lokendra Porwal\.m2\repository\org\springframework\spring-beans\5.2.5.RELEASE\spring-beans-5.2.5.RELEASE.jar;C:\Users\Lokendra Porwal\.m2\repository\org\springframework\spring-webmvc\5.2.5.RELEASE\spring-webmvc-5.2.5.RELEASE.jar;C:\Users\Lokendra Porwal\.m2\repository\org\springframework\spring-aop\5.2.5.RELEASE\spring-aop-5.2.5.RELEASE.jar;C:\Users\Lokendra Porwal\.m2\repository\org\springframework\spring-context\5.2.5.RELEASE\spring-context-5.2.5.RELEASE.jar;C:\Users\Lokendra Porwal\.m2\repository\org\springframework\spring-expression\5.2.5.RELEASE\spring-expression-5.2.5.RELEASE.jar;C:\Users\Lokendra Porwal\.m2\repository\org\springframework\boot\spring-boot-starter-jetty\2.2.6.RELEASE\spring-boot-starter-jetty-2.2.6.RELEASE.jar;C:\Users\Lokendra Porwal\.m2\repository\jakarta\servlet\jakarta.servlet-api\4.0.3\jakarta.servlet-api-4.0.3.jar;C:\Users\Lokendra Porwal\.m2\repository\jakarta\websocket\jakarta.websocket-api\1.1.2\jakarta.websocket-api-1.1.2.jar;C:\Users\Lokendra Porwal\.m2\repository\org\eclipse\jetty\jetty-servlets\9.4.27.v20200227\jetty-servlets-9.4.27.v20200227.jar;C:\Users\Lokendra Porwal\.m2\repository\org\eclipse\jetty\jetty-continuation\9.4.27.v20200227\jetty-continuation-9.4.27.v20200227.jar;C:\Users\Lokendra Porwal\.m2\repository\org\eclipse\jetty\jetty-http\9.4.27.v20200227\jetty-http-9.4.27.v20200227.jar;C:\Users\Lokendra Porwal\.m2\repository\org\eclipse\jetty\jetty-util\9.4.27.v20200227\jetty-util-9.4.27.v20200227.jar;C:\Users\Lokendra Porwal\.m2\repository\org\eclipse\jetty\jetty-io\9.4.27.v20200227\jetty-io-9.4.27.v20200227.jar;C:\Users\Lokendra Porwal\.m2\repository\org\eclipse\jetty\jetty-webapp\9.4.27.v20200227\jetty-webapp-9.4.27.v20200227.jar;C:\Users\Lokendra Porwal\.m2\repository\org\eclipse\jetty\jetty-xml\9.4.27.v20200227\jetty-xml-9.4.27.v20200227.jar;C:\Users\Lokendra Porwal\.m2\repository\org\eclipse\jetty\jetty-servlet\9.4.27.v20200227\jetty-servlet-9.4.27.v20200227.jar;C:\Users\Lokendra Porwal\.m2\repository\org\eclipse\jetty\jetty-security\9.4.27.v20200227\jetty-security-9.4.27.v20200227.jar;C:\Users\Lokendra Porwal\.m2\repository\org\eclipse\jetty\jetty-server\9.4.27.v20200227\jetty-server-9.4.27.v20200227.jar;C:\Users\Lokendra Porwal\.m2\repository\org\eclipse\jetty\websocket\websocket-server\9.4.27.v20200227\websocket-server-9.4.27.v20200227.jar;C:\Users\Lokendra Porwal\.m2\repository\org\eclipse\jetty\websocket\websocket-common\9.4.27.v20200227\websocket-common-9.4.27.v20200227.jar;C:\Users\Lokendra Porwal\.m2\repository\org\eclipse\jetty\websocket\websocket-api\9.4.27.v20200227\websocket-api-9.4.27.v20200227.jar;C:\Users\Lokendra Porwal\.m2\repository\org\eclipse\jetty\websocket\websocket-client\9.4.27.v20200227\websocket-client-9.4.27.v20200227.jar;C:\Users\Lokendra Porwal\.m2\repository\org\eclipse\jetty\jetty-client\9.4.27.v20200227\jetty-client-9.4.27.v20200227.jar;C:\Users\Lokendra Porwal\.m2\repository\org\eclipse\jetty\websocket\websocket-servlet\9.4.27.v20200227\websocket-servlet-9.4.27.v20200227.jar;C:\Users\Lokendra Porwal\.m2\repository\org\eclipse\jetty\websocket\javax-websocket-server-impl\9.4.27.v20200227\javax-websocket-server-impl-9.4.27.v20200227.jar;C:\Users\Lokendra Porwal\.m2\repository\org\eclipse\jetty\jetty-annotations\9.4.27.v20200227\jetty-annotations-9.4.27.v20200227.jar;C:\Users\Lokendra Porwal\.m2\repository\org\eclipse\jetty\jetty-plus\9.4.27.v20200227\jetty-plus-9.4.27.v20200227.jar;C:\Users\Lokendra Porwal\.m2\repository\org\ow2\asm\asm\7.2\asm-7.2.jar;C:\Users\Lokendra Porwal\.m2\repository\org\ow2\asm\asm-commons\7.2\asm-commons-7.2.jar;C:\Users\Lokendra Porwal\.m2\repository\org\ow2\asm\asm-tree\7.2\asm-tree-7.2.jar;C:\Users\Lokendra Porwal\.m2\repository\org\ow2\asm\asm-analysis\7.2\asm-analysis-7.2.jar;C:\Users\Lokendra Porwal\.m2\repository\org\eclipse\jetty\websocket\javax-websocket-client-impl\9.4.27.v20200227\javax-websocket-client-impl-9.4.27.v20200227.jar;C:\Users\Lokendra Porwal\.m2\repository\org\mortbay\jasper\apache-el\8.5.49\apache-el-8.5.49.jar;C:\Users\Lokendra Porwal\.m2\repository\org\springframework\boot\spring-boot-starter-data-jpa\2.2.6.RELEASE\spring-boot-starter-data-jpa-2.2.6.RELEASE.jar;C:\Users\Lokendra Porwal\.m2\repository\org\springframework\boot\spring-boot-starter-aop\2.2.6.RELEASE\spring-boot-starter-aop-2.2.6.RELEASE.jar;C:\Users\Lokendra Porwal\.m2\repository\org\aspectj\aspectjweaver\1.9.5\aspectjweaver-1.9.5.jar;C:\Users\Lokendra Porwal\.m2\repository\org\springframework\boot\spring-boot-starter-jdbc\2.2.6.RELEASE\spring-boot-starter-jdbc-2.2.6.RELEASE.jar;C:\Users\Lokendra Porwal\.m2\repository\com\zaxxer\HikariCP\3.4.2\HikariCP-3.4.2.jar;C:\Users\Lokendra Porwal\.m2\repository\org\springframework\spring-jdbc\5.2.5.RELEASE\spring-jdbc-5.2.5.RELEASE.jar;C:\Users\Lokendra Porwal\.m2\repository\jakarta\activation\jakarta.activation-api\1.2.2\jakarta.activation-api-1.2.2.jar;C:\Users\Lokendra Porwal\.m2\repository\jakarta\persistence\jakarta.persistence-api\2.2.3\jakarta.persistence-api-2.2.3.jar;C:\Users\Lokendra Porwal\.m2\repository\jakarta\transaction\jakarta.transaction-api\1.3.3\jakarta.transaction-api-1.3.3.jar;C:\Users\Lokendra Porwal\.m2\repository\org\hibernate\hibernate-core\5.4.12.Final\hibernate-core-5.4.12.Final.jar;C:\Users\Lokendra Porwal\.m2\repository\org\jboss\logging\jboss-logging\3.4.1.Final\jboss-logging-3.4.1.Final.jar;C:\Users\Lokendra Porwal\.m2\repository\org\javassist\javassist\3.24.0-GA\javassist-3.24.0-GA.jar;C:\Users\Lokendra Porwal\.m2\repository\net\bytebuddy\byte-buddy\1.10.8\byte-buddy-1.10.8.jar;C:\Users\Lokendra Porwal\.m2\repository\antlr\antlr\2.7.7\antlr-2.7.7.jar;C:\Users\Lokendra Porwal\.m2\repository\org\jboss\jandex\2.1.1.Final\jandex-2.1.1.Final.jar;C:\Users\Lokendra Porwal\.m2\repository\com\fasterxml\classmate\1.5.1\classmate-1.5.1.jar;C:\Users\Lokendra Porwal\.m2\repository\org\dom4j\dom4j\2.1.1\dom4j-2.1.1.jar;C:\Users\Lokendra Porwal\.m2\repository\org\hibernate\common\hibernate-commons-annotations\5.1.0.Final\hibernate-commons-annotations-5.1.0.Final.jar;C:\Users\Lokendra Porwal\.m2\repository\org\glassfish\jaxb\jaxb-runtime\2.3.2\jaxb-runtime-2.3.2.jar;C:\Users\Lokendra Porwal\.m2\repository\org\glassfish\jaxb\txw2\2.3.2\txw2-2.3.2.jar;C:\Users\Lokendra Porwal\.m2\repository\com\sun\istack\istack-commons-runtime\3.0.8\istack-commons-runtime-3.0.8.jar;C:\Users\Lokendra Porwal\.m2\repository\org\jvnet\staxex\stax-ex\1.8.1\stax-ex-1.8.1.jar;C:\Users\Lokendra Porwal\.m2\repository\com\sun\xml\fastinfoset\FastInfoset\1.2.16\FastInfoset-1.2.16.jar;C:\Users\Lokendra Porwal\.m2\repository\org\springframework\data\spring-data-jpa\2.2.6.RELEASE\spring-data-jpa-2.2.6.RELEASE.jar;C:\Users\Lokendra Porwal\.m2\repository\org\springframework\data\spring-data-commons\2.2.6.RELEASE\spring-data-commons-2.2.6.RELEASE.jar;C:\Users\Lokendra Porwal\.m2\repository\org\springframework\spring-orm\5.2.5.RELEASE\spring-orm-5.2.5.RELEASE.jar;C:\Users\Lokendra Porwal\.m2\repository\org\springframework\spring-tx\5.2.5.RELEASE\spring-tx-5.2.5.RELEASE.jar;C:\Users\Lokendra Porwal\.m2\repository\org\slf4j\slf4j-api\1.7.30\slf4j-api-1.7.30.jar;C:\Users\Lokendra Porwal\.m2\repository\org\springframework\spring-aspects\5.2.5.RELEASE\spring-aspects-5.2.5.RELEASE.jar;C:\Users\Lokendra Porwal\.m2\repository\org\postgresql\postgresql\42.2.11\postgresql-42.2.11.jar;C:\Users\Lokendra Porwal\.m2\repository\org\springframework\boot\spring-boot-starter-test\2.2.6.RELEASE\spring-boot-starter-test-2.2.6.RELEASE.jar;C:\Users\Lokendra Porwal\.m2\repository\org\springframework\boot\spring-boot-test\2.2.6.RELEASE\spring-boot-test-2.2.6.RELEASE.jar;C:\Users\Lokendra Porwal\.m2\repository\org\springframework\boot\spring-boot-test-autoconfigure\2.2.6.RELEASE\spring-boot-test-autoconfigure-2.2.6.RELEASE.jar;C:\Users\Lokendra Porwal\.m2\repository\com\jayway\jsonpath\json-path\2.4.0\json-path-2.4.0.jar;C:\Users\Lokendra Porwal\.m2\repository\net\minidev\json-smart\2.3\json-smart-2.3.jar;C:\Users\Lokendra Porwal\.m2\repository\net\minidev\accessors-smart\1.2\accessors-smart-1.2.jar;C:\Users\Lokendra Porwal\.m2\repository\jakarta\xml\bind\jakarta.xml.bind-api\2.3.3\jakarta.xml.bind-api-2.3.3.jar;C:\Users\Lokendra Porwal\.m2\repository\org\junit\jupiter\junit-jupiter\5.5.2\junit-jupiter-5.5.2.jar;C:\Users\Lokendra Porwal\.m2\repository\org\junit\jupiter\junit-jupiter-api\5.5.2\junit-jupiter-api-5.5.2.jar;C:\Users\Lokendra Porwal\.m2\repository\org\apiguardian\apiguardian-api\1.1.0\apiguardian-api-1.1.0.jar;C:\Users\Lokendra Porwal\.m2\repository\org\opentest4j\opentest4j\1.2.0\opentest4j-1.2.0.jar;C:\Users\Lokendra Porwal\.m2\repository\org\junit\platform\junit-platform-commons\1.5.2\junit-platform-commons-1.5.2.jar;C:\Users\Lokendra Porwal\.m2\repository\org\junit\jupiter\junit-jupiter-params\5.5.2\junit-jupiter-params-5.5.2.jar;C:\Users\Lokendra Porwal\.m2\repository\org\junit\jupiter\junit-jupiter-engine\5.5.2\junit-jupiter-engine-5.5.2.jar;C:\Users\Lokendra Porwal\.m2\repository\org\junit\platform\junit-platform-engine\1.5.2\junit-platform-engine-1.5.2.jar;C:\Users\Lokendra Porwal\.m2\repository\org\mockito\mockito-junit-jupiter\3.1.0\mockito-junit-jupiter-3.1.0.jar;C:\Users\Lokendra Porwal\.m2\repository\org\assertj\assertj-core\3.13.2\assertj-core-3.13.2.jar;C:\Users\Lokendra Porwal\.m2\repository\org\hamcrest\hamcrest\2.1\hamcrest-2.1.jar;C:\Users\Lokendra Porwal\.m2\repository\org\mockito\mockito-core\3.1.0\mockito-core-3.1.0.jar;C:\Users\Lokendra Porwal\.m2\repository\net\bytebuddy\byte-buddy-agent\1.10.8\byte-buddy-agent-1.10.8.jar;C:\Users\Lokendra Porwal\.m2\repository\org\objenesis\objenesis\2.6\objenesis-2.6.jar;C:\Users\Lokendra Porwal\.m2\repository\org\skyscreamer\jsonassert\1.5.0\jsonassert-1.5.0.jar;C:\Users\Lokendra Porwal\.m2\repository\com\vaadin\external\google\android-json\0.0.20131108.vaadin1\android-json-0.0.20131108.vaadin1.jar;C:\Users\Lokendra Porwal\.m2\repository\org\springframework\spring-core\5.2.5.RELEASE\spring-core-5.2.5.RELEASE.jar;C:\Users\Lokendra Porwal\.m2\repository\org\springframework\spring-jcl\5.2.5.RELEASE\spring-jcl-5.2.5.RELEASE.jar;C:\Users\Lokendra Porwal\.m2\repository\org\springframework\spring-test\5.2.5.RELEASE\spring-test-5.2.5.RELEASE.jar;C:\Users\Lokendra Porwal\.m2\repository\org\xmlunit\xmlunit-core\2.6.4\xmlunit-core-2.6.4.jar;"/>
    <property name="java.vm.vendor" value="Oracle Corporation"/>
    <property name="sun.arch.data.model" value="64"/>
    <property name="user.variant" value=""/>
    <property name="java.vendor.url" value="http://java.oracle.com/"/>
    <property name="user.timezone" value="Asia/Calcutta"/>
    <property name="java.vm.specification.version" value="11"/>
    <property name="os.name" value="Windows 10"/>
    <property name="sun.java.launcher" value="SUN_STANDARD"/>
    <property name="user.country" value="IN"/>
    <property name="sun.boot.library.path" value="C:\Program Files\Java\jdk-11.0.2\bin"/>
    <property name="sun.java.command" value="C:\Users\LOKEND~1\AppData\Local\Temp\surefire12180241597053133599\surefirebooter6183716163808011015.jar C:\Users\Lokendra Porwal\AppData\Local\Temp\surefire12180241597053133599 2020-04-24T00-07-44_798-jvmRun1 surefire10461242754753085544tmp surefire_013996926035258990162tmp"/>
    <property name="jdk.debug" value="release"/>
    <property name="surefire.test.class.path" value="G:\covidmeet\covidmeet\target\test-classes;G:\covidmeet\covidmeet\target\classes;C:\Users\Lokendra Porwal\.m2\repository\org\springframework\boot\spring-boot-starter-web\2.2.6.RELEASE\spring-boot-starter-web-2.2.6.RELEASE.jar;C:\Users\Lokendra Porwal\.m2\repository\org\springframework\boot\spring-boot-starter\2.2.6.RELEASE\spring-boot-starter-2.2.6.RELEASE.jar;C:\Users\Lokendra Porwal\.m2\repository\org\springframework\boot\spring-boot\2.2.6.RELEASE\spring-boot-2.2.6.RELEASE.jar;C:\Users\Lokendra Porwal\.m2\repository\org\springframework\boot\spring-boot-autoconfigure\2.2.6.RELEASE\spring-boot-autoconfigure-2.2.6.RELEASE.jar;C:\Users\Lokendra Porwal\.m2\repository\org\springframework\boot\spring-boot-starter-logging\2.2.6.RELEASE\spring-boot-starter-logging-2.2.6.RELEASE.jar;C:\Users\Lokendra Porwal\.m2\repository\ch\qos\logback\logback-classic\1.2.3\logback-classic-1.2.3.jar;C:\Users\Lokendra Porwal\.m2\repository\ch\qos\logback\logback-core\1.2.3\logback-core-1.2.3.jar;C:\Users\Lokendra Porwal\.m2\repository\org\apache\logging\log4j\log4j-to-slf4j\2.12.1\log4j-to-slf4j-2.12.1.jar;C:\Users\Lokendra Porwal\.m2\repository\org\apache\logging\log4j\log4j-api\2.12.1\log4j-api-2.12.1.jar;C:\Users\Lokendra Porwal\.m2\repository\org\slf4j\jul-to-slf4j\1.7.30\jul-to-slf4j-1.7.30.jar;C:\Users\Lokendra Porwal\.m2\repository\jakarta\annotation\jakarta.annotation-api\1.3.5\jakarta.annotation-api-1.3.5.jar;C:\Users\Lokendra Porwal\.m2\repository\org\yaml\snakeyaml\1.25\snakeyaml-1.25.jar;C:\Users\Lokendra Porwal\.m2\repository\org\springframework\boot\spring-boot-starter-json\2.2.6.RELEASE\spring-boot-starter-json-2.2.6.RELEASE.jar;C:\Users\Lokendra Porwal\.m2\repository\com\fasterxml\jackson\core\jackson-databind\2.10.3\jackson-databind-2.10.3.jar;C:\Users\Lokendra Porwal\.m2\repository\com\fasterxml\jackson\core\jackson-annotations\2.10.3\jackson-annotations-2.10.3.jar;C:\Users\Lokendra Porwal\.m2\repository\com\fasterxml\jackson\core\jackson-core\2.10.3\jackson-core-2.10.3.jar;C:\Users\Lokendra Porwal\.m2\repository\com\fasterxml\jackson\datatype\jackson-datatype-jdk8\2.10.3\jackson-datatype-jdk8-2.10.3.jar;C:\Users\Lokendra Porwal\.m2\repository\com\fasterxml\jackson\datatype\jackson-datatype-jsr310\2.10.3\jackson-datatype-jsr310-2.10.3.jar;C:\Users\Lokendra Porwal\.m2\repository\com\fasterxml\jackson\module\jackson-module-parameter-names\2.10.3\jackson-module-parameter-names-2.10.3.jar;C:\Users\Lokendra Porwal\.m2\repository\org\springframework\boot\spring-boot-starter-validation\2.2.6.RELEASE\spring-boot-starter-validation-2.2.6.RELEASE.jar;C:\Users\Lokendra Porwal\.m2\repository\jakarta\validation\jakarta.validation-api\2.0.2\jakarta.validation-api-2.0.2.jar;C:\Users\Lokendra Porwal\.m2\repository\org\hibernate\validator\hibernate-validator\6.0.18.Final\hibernate-validator-6.0.18.Final.jar;C:\Users\Lokendra Porwal\.m2\repository\org\springframework\spring-web\5.2.5.RELEASE\spring-web-5.2.5.RELEASE.jar;C:\Users\Lokendra Porwal\.m2\repository\org\springframework\spring-beans\5.2.5.RELEASE\spring-beans-5.2.5.RELEASE.jar;C:\Users\Lokendra Porwal\.m2\repository\org\springframework\spring-webmvc\5.2.5.RELEASE\spring-webmvc-5.2.5.RELEASE.jar;C:\Users\Lokendra Porwal\.m2\repository\org\springframework\spring-aop\5.2.5.RELEASE\spring-aop-5.2.5.RELEASE.jar;C:\Users\Lokendra Porwal\.m2\repository\org\springframework\spring-context\5.2.5.RELEASE\spring-context-5.2.5.RELEASE.jar;C:\Users\Lokendra Porwal\.m2\repository\org\springframework\spring-expression\5.2.5.RELEASE\spring-expression-5.2.5.RELEASE.jar;C:\Users\Lokendra Porwal\.m2\repository\org\springframework\boot\spring-boot-starter-jetty\2.2.6.RELEASE\spring-boot-starter-jetty-2.2.6.RELEASE.jar;C:\Users\Lokendra Porwal\.m2\repository\jakarta\servlet\jakarta.servlet-api\4.0.3\jakarta.servlet-api-4.0.3.jar;C:\Users\Lokendra Porwal\.m2\repository\jakarta\websocket\jakarta.websocket-api\1.1.2\jakarta.websocket-api-1.1.2.jar;C:\Users\Lokendra Porwal\.m2\repository\org\eclipse\jetty\jetty-servlets\9.4.27.v20200227\jetty-servlets-9.4.27.v20200227.jar;C:\Users\Lokendra Porwal\.m2\repository\org\eclipse\jetty\jetty-continuation\9.4.27.v20200227\jetty-continuation-9.4.27.v20200227.jar;C:\Users\Lokendra Porwal\.m2\repository\org\eclipse\jetty\jetty-http\9.4.27.v20200227\jetty-http-9.4.27.v20200227.jar;C:\Users\Lokendra Porwal\.m2\repository\org\eclipse\jetty\jetty-util\9.4.27.v20200227\jetty-util-9.4.27.v20200227.jar;C:\Users\Lokendra Porwal\.m2\repository\org\eclipse\jetty\jetty-io\9.4.27.v20200227\jetty-io-9.4.27.v20200227.jar;C:\Users\Lokendra Porwal\.m2\repository\org\eclipse\jetty\jetty-webapp\9.4.27.v20200227\jetty-webapp-9.4.27.v20200227.jar;C:\Users\Lokendra Porwal\.m2\repository\org\eclipse\jetty\jetty-xml\9.4.27.v20200227\jetty-xml-9.4.27.v20200227.jar;C:\Users\Lokendra Porwal\.m2\repository\org\eclipse\jetty\jetty-servlet\9.4.27.v20200227\jetty-servlet-9.4.27.v20200227.jar;C:\Users\Lokendra Porwal\.m2\repository\org\eclipse\jetty\jetty-security\9.4.27.v20200227\jetty-security-9.4.27.v20200227.jar;C:\Users\Lokendra Porwal\.m2\repository\org\eclipse\jetty\jetty-server\9.4.27.v20200227\jetty-server-9.4.27.v20200227.jar;C:\Users\Lokendra Porwal\.m2\repository\org\eclipse\jetty\websocket\websocket-server\9.4.27.v20200227\websocket-server-9.4.27.v20200227.jar;C:\Users\Lokendra Porwal\.m2\repository\org\eclipse\jetty\websocket\websocket-common\9.4.27.v20200227\websocket-common-9.4.27.v20200227.jar;C:\Users\Lokendra Porwal\.m2\repository\org\eclipse\jetty\websocket\websocket-api\9.4.27.v20200227\websocket-api-9.4.27.v20200227.jar;C:\Users\Lokendra Porwal\.m2\repository\org\eclipse\jetty\websocket\websocket-client\9.4.27.v20200227\websocket-client-9.4.27.v20200227.jar;C:\Users\Lokendra Porwal\.m2\repository\org\eclipse\jetty\jetty-client\9.4.27.v20200227\jetty-client-9.4.27.v20200227.jar;C:\Users\Lokendra Porwal\.m2\repository\org\eclipse\jetty\websocket\websocket-servlet\9.4.27.v20200227\websocket-servlet-9.4.27.v20200227.jar;C:\Users\Lokendra Porwal\.m2\repository\org\eclipse\jetty\websocket\javax-websocket-server-impl\9.4.27.v20200227\javax-websocket-server-impl-9.4.27.v20200227.jar;C:\Users\Lokendra Porwal\.m2\repository\org\eclipse\jetty\jetty-annotations\9.4.27.v20200227\jetty-annotations-9.4.27.v20200227.jar;C:\Users\Lokendra Porwal\.m2\repository\org\eclipse\jetty\jetty-plus\9.4.27.v20200227\jetty-plus-9.4.27.v20200227.jar;C:\Users\Lokendra Porwal\.m2\repository\org\ow2\asm\asm\7.2\asm-7.2.jar;C:\Users\Lokendra Porwal\.m2\repository\org\ow2\asm\asm-commons\7.2\asm-commons-7.2.jar;C:\Users\Lokendra Porwal\.m2\repository\org\ow2\asm\asm-tree\7.2\asm-tree-7.2.jar;C:\Users\Lokendra Porwal\.m2\repository\org\ow2\asm\asm-analysis\7.2\asm-analysis-7.2.jar;C:\Users\Lokendra Porwal\.m2\repository\org\eclipse\jetty\websocket\javax-websocket-client-impl\9.4.27.v20200227\javax-websocket-client-impl-9.4.27.v20200227.jar;C:\Users\Lokendra Porwal\.m2\repository\org\mortbay\jasper\apache-el\8.5.49\apache-el-8.5.49.jar;C:\Users\Lokendra Porwal\.m2\repository\org\springframework\boot\spring-boot-starter-data-jpa\2.2.6.RELEASE\spring-boot-starter-data-jpa-2.2.6.RELEASE.jar;C:\Users\Lokendra Porwal\.m2\repository\org\springframework\boot\spring-boot-starter-aop\2.2.6.RELEASE\spring-boot-starter-aop-2.2.6.RELEASE.jar;C:\Users\Lokendra Porwal\.m2\repository\org\aspectj\aspectjweaver\1.9.5\aspectjweaver-1.9.5.jar;C:\Users\Lokendra Porwal\.m2\repository\org\springframework\boot\spring-boot-starter-jdbc\2.2.6.RELEASE\spring-boot-starter-jdbc-2.2.6.RELEASE.jar;C:\Users\Lokendra Porwal\.m2\repository\com\zaxxer\HikariCP\3.4.2\HikariCP-3.4.2.jar;C:\Users\Lokendra Porwal\.m2\repository\org\springframework\spring-jdbc\5.2.5.RELEASE\spring-jdbc-5.2.5.RELEASE.jar;C:\Users\Lokendra Porwal\.m2\repository\jakarta\activation\jakarta.activation-api\1.2.2\jakarta.activation-api-1.2.2.jar;C:\Users\Lokendra Porwal\.m2\repository\jakarta\persistence\jakarta.persistence-api\2.2.3\jakarta.persistence-api-2.2.3.jar;C:\Users\Lokendra Porwal\.m2\repository\jakarta\transaction\jakarta.transaction-api\1.3.3\jakarta.transaction-api-1.3.3.jar;C:\Users\Lokendra Porwal\.m2\repository\org\hibernate\hibernate-core\5.4.12.Final\hibernate-core-5.4.12.Final.jar;C:\Users\Lokendra Porwal\.m2\repository\org\jboss\logging\jboss-logging\3.4.1.Final\jboss-logging-3.4.1.Final.jar;C:\Users\Lokendra Porwal\.m2\repository\org\javassist\javassist\3.24.0-GA\javassist-3.24.0-GA.jar;C:\Users\Lokendra Porwal\.m2\repository\net\bytebuddy\byte-buddy\1.10.8\byte-buddy-1.10.8.jar;C:\Users\Lokendra Porwal\.m2\repository\antlr\antlr\2.7.7\antlr-2.7.7.jar;C:\Users\Lokendra Porwal\.m2\repository\org\jboss\jandex\2.1.1.Final\jandex-2.1.1.Final.jar;C:\Users\Lokendra Porwal\.m2\repository\com\fasterxml\classmate\1.5.1\classmate-1.5.1.jar;C:\Users\Lokendra Porwal\.m2\repository\org\dom4j\dom4j\2.1.1\dom4j-2.1.1.jar;C:\Users\Lokendra Porwal\.m2\repository\org\hibernate\common\hibernate-commons-annotations\5.1.0.Final\hibernate-commons-annotations-5.1.0.Final.jar;C:\Users\Lokendra Porwal\.m2\repository\org\glassfish\jaxb\jaxb-runtime\2.3.2\jaxb-runtime-2.3.2.jar;C:\Users\Lokendra Porwal\.m2\repository\org\glassfish\jaxb\txw2\2.3.2\txw2-2.3.2.jar;C:\Users\Lokendra Porwal\.m2\repository\com\sun\istack\istack-commons-runtime\3.0.8\istack-commons-runtime-3.0.8.jar;C:\Users\Lokendra Porwal\.m2\repository\org\jvnet\staxex\stax-ex\1.8.1\stax-ex-1.8.1.jar;C:\Users\Lokendra Porwal\.m2\repository\com\sun\xml\fastinfoset\FastInfoset\1.2.16\FastInfoset-1.2.16.jar;C:\Users\Lokendra Porwal\.m2\repository\org\springframework\data\spring-data-jpa\2.2.6.RELEASE\spring-data-jpa-2.2.6.RELEASE.jar;C:\Users\Lokendra Porwal\.m2\repository\org\springframework\data\spring-data-commons\2.2.6.RELEASE\spring-data-commons-2.2.6.RELEASE.jar;C:\Users\Lokendra Porwal\.m2\repository\org\springframework\spring-orm\5.2.5.RELEASE\spring-orm-5.2.5.RELEASE.jar;C:\Users\Lokendra Porwal\.m2\repository\org\springframework\spring-tx\5.2.5.RELEASE\spring-tx-5.2.5.RELEASE.jar;C:\Users\Lokendra Porwal\.m2\repository\org\slf4j\slf4j-api\1.7.30\slf4j-api-1.7.30.jar;C:\Users\Lokendra Porwal\.m2\repository\org\springframework\spring-aspects\5.2.5.RELEASE\spring-aspects-5.2.5.RELEASE.jar;C:\Users\Lokendra Porwal\.m2\repository\org\postgresql\postgresql\42.2.11\postgresql-42.2.11.jar;C:\Users\Lokendra Porwal\.m2\repository\org\springframework\boot\spring-boot-starter-test\2.2.6.RELEASE\spring-boot-starter-test-2.2.6.RELEASE.jar;C:\Users\Lokendra Porwal\.m2\repository\org\springframework\boot\spring-boot-test\2.2.6.RELEASE\spring-boot-test-2.2.6.RELEASE.jar;C:\Users\Lokendra Porwal\.m2\repository\org\springframework\boot\spring-boot-test-autoconfigure\2.2.6.RELEASE\spring-boot-test-autoconfigure-2.2.6.RELEASE.jar;C:\Users\Lokendra Porwal\.m2\repository\com\jayway\jsonpath\json-path\2.4.0\json-path-2.4.0.jar;C:\Users\Lokendra Porwal\.m2\repository\net\minidev\json-smart\2.3\json-smart-2.3.jar;C:\Users\Lokendra Porwal\.m2\repository\net\minidev\accessors-smart\1.2\accessors-smart-1.2.jar;C:\Users\Lokendra Porwal\.m2\repository\jakarta\xml\bind\jakarta.xml.bind-api\2.3.3\jakarta.xml.bind-api-2.3.3.jar;C:\Users\Lokendra Porwal\.m2\repository\org\junit\jupiter\junit-jupiter\5.5.2\junit-jupiter-5.5.2.jar;C:\Users\Lokendra Porwal\.m2\repository\org\junit\jupiter\junit-jupiter-api\5.5.2\junit-jupiter-api-5.5.2.jar;C:\Users\Lokendra Porwal\.m2\repository\org\apiguardian\apiguardian-api\1.1.0\apiguardian-api-1.1.0.jar;C:\Users\Lokendra Porwal\.m2\repository\org\opentest4j\opentest4j\1.2.0\opentest4j-1.2.0.jar;C:\Users\Lokendra Porwal\.m2\repository\org\junit\platform\junit-platform-commons\1.5.2\junit-platform-commons-1.5.2.jar;C:\Users\Lokendra Porwal\.m2\repository\org\junit\jupiter\junit-jupiter-params\5.5.2\junit-jupiter-params-5.5.2.jar;C:\Users\Lokendra Porwal\.m2\repository\org\junit\jupiter\junit-jupiter-engine\5.5.2\junit-jupiter-engine-5.5.2.jar;C:\Users\Lokendra Porwal\.m2\repository\org\junit\platform\junit-platform-engine\1.5.2\junit-platform-engine-1.5.2.jar;C:\Users\Lokendra Porwal\.m2\repository\org\mockito\mockito-junit-jupiter\3.1.0\mockito-junit-jupiter-3.1.0.jar;C:\Users\Lokendra Porwal\.m2\repository\org\assertj\assertj-core\3.13.2\assertj-core-3.13.2.jar;C:\Users\Lokendra Porwal\.m2\repository\org\hamcrest\hamcrest\2.1\hamcrest-2.1.jar;C:\Users\Lokendra Porwal\.m2\repository\org\mockito\mockito-core\3.1.0\mockito-core-3.1.0.jar;C:\Users\Lokendra Porwal\.m2\repository\net\bytebuddy\byte-buddy-agent\1.10.8\byte-buddy-agent-1.10.8.jar;C:\Users\Lokendra Porwal\.m2\repository\org\objenesis\objenesis\2.6\objenesis-2.6.jar;C:\Users\Lokendra Porwal\.m2\repository\org\skyscreamer\jsonassert\1.5.0\jsonassert-1.5.0.jar;C:\Users\Lokendra Porwal\.m2\repository\com\vaadin\external\google\android-json\0.0.20131108.vaadin1\android-json-0.0.20131108.vaadin1.jar;C:\Users\Lokendra Porwal\.m2\repository\org\springframework\spring-core\5.2.5.RELEASE\spring-core-5.2.5.RELEASE.jar;C:\Users\Lokendra Porwal\.m2\repository\org\springframework\spring-jcl\5.2.5.RELEASE\spring-jcl-5.2.5.RELEASE.jar;C:\Users\Lokendra Porwal\.m2\repository\org\springframework\spring-test\5.2.5.RELEASE\spring-test-5.2.5.RELEASE.jar;C:\Users\Lokendra Porwal\.m2\repository\org\xmlunit\xmlunit-core\2.6.4\xmlunit-core-2.6.4.jar;"/>
    <property name="sun.cpu.endian" value="little"/>
    <property name="user.home" value="C:\Users\Lokendra Porwal"/>
    <property name="user.language" value="en"/>
    <property name="java.specification.vendor" value="Oracle Corporation"/>
    <property name="java.version.date" value="2019-01-15"/>
    <property name="java.home" value="C:\Program Files\Java\jdk-11.0.2"/>
    <property name="file.separator" value="\"/>
    <property name="basedir" value="G:\covidmeet\covidmeet"/>
    <property name="java.vm.compressedOopsMode" value="32-bit"/>
    <property name="line.separator" value="&#10;"/>
    <property name="java.specification.name" value="Java Platform API Specification"/>
    <property name="java.vm.specification.vendor" value="Oracle Corporation"/>
    <property name="java.awt.graphicsenv" value="sun.awt.Win32GraphicsEnvironment"/>
    <property name="surefire.real.class.path" value="C:\Users\LOKEND~1\AppData\Local\Temp\surefire12180241597053133599\surefirebooter6183716163808011015.jar"/>
    <property name="user.script" value=""/>
    <property name="sun.management.compiler" value="HotSpot 64-Bit Tiered Compilers"/>
    <property name="java.runtime.version" value="11.0.2+9-LTS"/>
    <property name="user.name" value="Lokendra Porwal"/>
    <property name="path.separator" value=";"/>
    <property name="os.version" value="10.0"/>
    <property name="java.runtime.name" value="Java(TM) SE Runtime Environment"/>
    <property name="file.encoding" value="Cp1252"/>
    <property name="java.vm.name" value="Java HotSpot(TM) 64-Bit Server VM"/>
    <property name="idea.version2020.1" value="true"/>
    <property name="java.vendor.version" value="18.9"/>
    <property name="localRepository" value="C:\Users\Lokendra Porwal\.m2\repository"/>
    <property name="java.vendor.url.bug" value="http://bugreport.java.com/bugreport/"/>
    <property name="java.io.tmpdir" value="C:\Users\LOKEND~1\AppData\Local\Temp\"/>
    <property name="java.version" value="11.0.2"/>
    <property name="user.dir" value="G:\covidmeet\covidmeet"/>
    <property name="os.arch" value="amd64"/>
    <property name="java.vm.specification.name" value="Java Virtual Machine Specification"/>
    <property name="java.awt.printerjob" value="sun.awt.windows.WPrinterJob"/>
    <property name="sun.os.patch.level" value=""/>
    <property name="java.library.path" value="C:\Program Files\Java\jdk-11.0.2\bin;C:\Windows\Sun\Java\bin;C:\Windows\system32;C:\Windows;C:\Python27\;C:\Python27\Scripts;C:\Python38\Scripts\;C:\Python38\;C:\Program Files\NVIDIA GPU Computing Toolkit\CUDA\v10.2\bin;C:\Program Files\NVIDIA GPU Computing Toolkit\CUDA\v10.2\libnvvp;C:\ProgramData\Anaconda3;C:\ProgramData\Anaconda3\Library\mingw-w64\bin;C:\ProgramData\Anaconda3\Library\usr\bin;C:\ProgramData\Anaconda3\Library\bin;C:\ProgramData\Anaconda3\Scripts;C:\oraclexe\app\oracle\product\11.2.0\server\bin;C:\Program Files (x86)\Intel\Intel(R) Management Engine Components\iCLS\;C:\Program Files\Intel\Intel(R) Management Engine Components\iCLS\;C:\Program Files (x86)\Common Files\Oracle\Java\javapath;C:\Windows\system32;C:\Windows;C:\Windows\System32\Wbem;C:\Windows\System32\WindowsPowerShell\v1.0\;C:\Windows\System32\OpenSSH\;C:\Program Files (x86)\Intel\Intel(R) Management Engine Components\DAL;C:\Program Files\Intel\Intel(R) Management Engine Components\DAL;C:\Program Files (x86)\Intel\Intel(R) Management Engine Components\IPT;C:\Program Files\Intel\Intel(R) Management Engine Components\IPT;C:\Program Files\Java\jdk1.8.0_201\bin;C:\Program Files\Java\jdk-11.0.2\bin;C:\ProgramData\chocolatey\bin;C:\Program Files\Dart\dart-sdk\bin;D:\javafx-sdk-11.0.2\bin;D:\maven\bin;C:\webdrivers;C:\Program Files (x86)\NVIDIA Corporation\PhysX\Common;C:\Program Files\NVIDIA Corporation\NVIDIA NvDLISR;C:\Program Files\NVIDIA Corporation\Nsight Compute 2019.5.0\;C:\Program Files\Java\jdk1.8.0_211\bin;C:\Program Files\Git\cmd;C:\Program Files (x86)\Yarn\bin\;C:\Program Files\nodejs\;C:\Program Files\MySQL\MySQL Shell 8.0\bin\;C:\Users\Lokendra Porwal\AppData\Local\Microsoft\WindowsApps;D:\program files\JetBrains\CLion 2019.2.1\bin;D:\program files\JetBrains\WebStorm 2019.2.1\bin;D:\program files\Microsoft VS Code\bin;C:\tools\dart-sdk\bin;C:\Users\Lokendra Porwal\AppData\Roaming\Pub\Cache\bin;D:\php;c:\xampp\mysql\bin\mysqld.exe;C:\Users\Lokendra Porwal\AppData\Local\Programs\Python\Python37;&apos;C:\Users\Lokendra Porwal\AppData\Roaming\Python\Python37\Scripts;D:\androidsdk\platform-tools;C:\Users\Lokendra Porwal\AppData\Local\Yarn\bin;C:\Users\Lokendra Porwal\AppData\Roaming\npm;D:\program files\flutter\flutter\bin;D:\andoridsdk\cmdline-tools\latest\bin;;."/>
    <property name="java.vendor" value="Oracle Corporation"/>
    <property name="java.vm.info" value="mixed mode"/>
    <property name="java.vm.version" value="11.0.2+9-LTS"/>
    <property name="sun.io.unicode.encoding" value="UnicodeLittle"/>
    <property name="java.class.version" value="55.0"/>
  </properties>
  <testcase name="contextLoads" classname="com.covidmeet.covidmeet.CovidmeetApplicationTests" time="0.122"/>
</testsuite>